<?xml version="1.0" encoding="UTF-8"?>
<testsuite name="A new user account can be created if a proper unused username and password are given" tests="4" skipped="0" failures="0" errors="0" timestamp="2020-11-05T11:12:36" hostname="lx7-fuxi217" time="0.608">
  <properties/>
  <testcase name="creation is successful with valid username and password" classname="A new user account can be created if a proper unused username and password are given" time="0.245"/>
  <testcase name="creation fails with too short username and valid password" classname="A new user account can be created if a proper unused username and password are given" time="0.118"/>
  <testcase name="creation fails with correct username and too short password" classname="A new user account can be created if a proper unused username and password are given" time="0.102"/>
  <testcase name="creation fails when password and password confirmation do not match" classname="A new user account can be created if a proper unused username and password are given" time="0.143"/>
  <system-out><![CDATA[
Scenario: creation is successful with valid username and password                                       ?[90m# src/test/resources/ohtu/new_user.feature:3?[0m
  ?[32mGiven ?[0m?[32mcommand new user is selected?[0m                                                                    ?[90m# ohtu.Stepdefs.newIsSelected()?[0m
  ?[32mWhen ?[0m?[32ma valid username ?[0m?[32m?[1m"liisa"?[0m?[32m and password ?[0m?[32m?[1m"salainen1"?[0m?[32m and matching password confirmation are entered?[0m ?[90m# ohtu.Stepdefs.validNewUsernameAndPasswordAreGiven(java.lang.String,java.lang.String)?[0m
  ?[32mThen ?[0m?[32ma new user is created?[0m                                                                            ?[90m# ohtu.Stepdefs.userIsSignedUp()?[0m

Scenario: creation fails with too short username and valid password                                             ?[90m# src/test/resources/ohtu/new_user.feature:8?[0m
  ?[32mGiven ?[0m?[32mcommand new user is selected?[0m                                                                            ?[90m# ohtu.Stepdefs.newIsSelected()?[0m
  ?[32mWhen ?[0m?[32man invalid username ?[0m?[32m?[1m"yh"?[0m?[32m and a valid password ?[0m?[32m?[1m"salainen1"?[0m?[32m and matching password confirmation are entered?[0m ?[90m# ohtu.Stepdefs.invalidNewUsernameAndValidPasswordAreGiven(java.lang.String,java.lang.String)?[0m
  ?[32mThen ?[0m?[32muser is not created and error ?[0m?[32m?[1m"username should have at least 3 characters"?[0m?[32m is reported?[0m                   ?[90m# ohtu.Stepdefs.userIsNotSignedUpAndErrorMessageIsGiven(java.lang.String)?[0m

Scenario: creation fails with correct username and too short password                                        ?[90m# src/test/resources/ohtu/new_user.feature:13?[0m
  ?[32mGiven ?[0m?[32mcommand new user is selected?[0m                                                                         ?[90m# ohtu.Stepdefs.newIsSelected()?[0m
  ?[32mWhen ?[0m?[32ma valid username ?[0m?[32m?[1m"liisa2"?[0m?[32m and an invalid password ?[0m?[32m?[1m"yy"?[0m?[32m and matching password confirmation are entered?[0m ?[90m# ohtu.Stepdefs.validNewUsernameAndInvalidPasswordAreGiven(java.lang.String,java.lang.String)?[0m
  ?[32mThen ?[0m?[32muser is not created and error ?[0m?[32m?[1m"password should have at least 8 characters"?[0m?[32m is reported?[0m                ?[90m# ohtu.Stepdefs.userIsNotSignedUpAndErrorMessageIsGiven(java.lang.String)?[0m

Scenario: creation fails when password and password confirmation do not match                                                     ?[90m# src/test/resources/ohtu/new_user.feature:18?[0m
  ?[32mGiven ?[0m?[32mcommand new user is selected?[0m                                                                                              ?[90m# ohtu.Stepdefs.newIsSelected()?[0m
  ?[32mWhen ?[0m?[32ma valid username ?[0m?[32m?[1m"liisa3"?[0m?[32m and a valid password ?[0m?[32m?[1m"salainen1"?[0m?[32m and a nonmatching password ?[0m?[32m?[1m"salainen2"?[0m?[32m confirmation are entered?[0m ?[90m# ohtu.Stepdefs.validNewUsernameAndInvalidPasswordAreGivenNonmatch(java.lang.String,java.lang.String,java.lang.String)?[0m
  ?[32mThen ?[0m?[32muser is not created and error ?[0m?[32m?[1m"password and password confirmation do not match"?[0m?[32m is reported?[0m                                ?[90m# ohtu.Stepdefs.userIsNotSignedUpAndErrorMessageIsGiven(java.lang.String)?[0m
]]></system-out>
  <system-err><![CDATA[]]></system-err>
</testsuite>
